<?xml version="1.0" encoding="UTF-8"?>
<!-- Generated by org.testng.reporters.JUnitReportReporter -->
<testsuite hostname="LAPTOP-1BHPJFC0" failures="0" tests="1" name="sele.Asser" time="3.595" errors="0" timestamp="2022-05-12T11:59:17 IST" skipped="0">
  <testcase classname="sele.Asser" name="f" time="3.595"/>
  <system-out/>
</testsuite> <!-- sele.Asser -->
