<?xml version="1.0" encoding="UTF-8"?>
<!-- Generated by org.testng.reporters.JUnitReportReporter -->
<testsuite hostname="LAPTOP-1BHPJFC0" failures="0" tests="1" name="sele.TestList" time="0.015" errors="0" timestamp="2022-05-16T17:29:07 IST" skipped="0">
  <testcase classname="sele.TestList" name="add" time="0.015"/>
  <system-out/>
</testsuite> <!-- sele.TestList -->
