<?xml version="1.0" encoding="UTF-8"?>
<!-- Generated by org.testng.reporters.JUnitReportReporter -->
<testsuite hostname="LAPTOP-1BHPJFC0" failures="0" tests="1" name="sele.NewTest2" time="6.739" errors="0" timestamp="2022-05-10T20:24:50 IST" skipped="0">
  <testcase classname="sele.NewTest2" name="launch" time="6.739"/>
  <system-out/>
</testsuite> <!-- sele.NewTest2 -->
