<?xml version="1.0" encoding="UTF-8"?>
<!-- Generated by org.testng.reporters.JUnitReportReporter -->
<testsuite hostname="LAPTOP-1BHPJFC0" failures="0" tests="1" name="sele.Assert" time="2.383" errors="0" timestamp="2022-05-12T12:13:25 IST" skipped="0">
  <testcase classname="sele.Assert" name="f" time="2.383"/>
  <system-out/>
</testsuite> <!-- sele.Assert -->
