<?xml version="1.0" encoding="UTF-8"?>
<!-- Generated by org.testng.reporters.JUnitReportReporter -->
<testsuite hostname="LAPTOP-1BHPJFC0" failures="0" tests="2" name="sele.Parallel" time="9.005" errors="0" timestamp="2022-05-13T11:58:16 IST" skipped="0">
  <testcase classname="sele.Parallel" name="chrome" time="4.247"/>
  <system-out/>
  <testcase classname="sele.Parallel" name="firefox" time="4.758"/>
  <system-out/>
</testsuite> <!-- sele.Parallel -->
