<?xml version="1.0" encoding="UTF-8"?>
<!-- Generated by org.testng.reporters.JUnitReportReporter -->
<testsuite hostname="LAPTOP-1BHPJFC0" failures="0" tests="5" name="sele.NewTest1" time="0.020" errors="0" timestamp="2022-05-10T20:17:14 IST" skipped="0">
  <testcase classname="sele.NewTest1" name="f4" time="0.012"/>
  <system-out/>
  <testcase classname="sele.NewTest1" name="f" time="0.002"/>
  <system-out/>
  <testcase classname="sele.NewTest1" name="f3" time="0.003"/>
  <system-out/>
  <testcase classname="sele.NewTest1" name="f2" time="0.001"/>
  <system-out/>
  <testcase classname="sele.NewTest1" name="f1" time="0.002"/>
  <system-out/>
</testsuite> <!-- sele.NewTest1 -->
