<?xml version="1.0" encoding="UTF-8"?>
<!-- Generated by org.testng.reporters.JUnitReportReporter -->
<testsuite hostname="LAPTOP-1BHPJFC0" failures="0" tests="1" name="sele.NewTest" time="0.008" errors="0" timestamp="2022-05-09T12:10:31 IST" skipped="0">
  <testcase classname="sele.NewTest" name="f" time="0.008"/>
  <system-out/>
</testsuite> <!-- sele.NewTest -->
