<?xml version="1.0" encoding="UTF-8"?>
<!-- Generated by org.testng.reporters.JUnitReportReporter -->
<testsuite hostname="LAPTOP-1BHPJFC0" failures="0" tests="1" name="sele.Parameters" time="0.002" errors="0" timestamp="2022-05-12T11:49:09 IST" skipped="0">
  <testcase classname="sele.Parameters" name="f" time="0.002"/>
  <system-out/>
</testsuite> <!-- sele.Parameters -->
