<?xml version="1.0" encoding="UTF-8"?>
<!-- Generated by org.testng.reporters.JUnitReportReporter -->
<testsuite hostname="LAPTOP-1BHPJFC0" failures="0" tests="2" name="sele.CrossBrowser" time="9.534" errors="0" timestamp="2022-05-13T12:13:57 IST" skipped="0">
  <testcase classname="sele.CrossBrowser" name="cb" time="3.627"/>
  <system-out/>
  <testcase classname="sele.CrossBrowser" name="cb" time="5.907"/>
  <system-out/>
</testsuite> <!-- sele.CrossBrowser -->
